[2019-04-09 00:18:34,970] INFO  index.jsp called
[2019-04-09 00:18:50,643] INFO  Login called
[2019-04-09 00:18:50,649] INFO  Session isMobile = false
[2019-04-09 00:18:50,661] INFO  login called
[2019-04-09 00:47:47,257] INFO  index.jsp called
[2019-04-09 00:47:56,877] INFO  Login called
[2019-04-09 00:47:56,882] INFO  Session isMobile = false
[2019-04-09 00:47:56,886] INFO  login called
[2019-04-09 00:47:57,055] INFO  User name:admin login was successful!
[2019-04-09 00:47:57,137] INFO  getRecord called
[2019-04-09 00:47:57,535] INFO  admin.jsp called
[2019-04-09 00:47:57,543] INFO  getAllPlayers called
[2019-04-09 00:48:09,466] INFO  Logout called
[2019-04-09 00:48:09,495] INFO  index.jsp called
[2019-04-09 02:14:16,462] INFO  index.jsp called
[2019-04-09 02:14:28,952] INFO  Login called
[2019-04-09 02:14:28,957] INFO  Session isMobile = false
[2019-04-09 02:14:28,962] INFO  login called
[2019-04-09 02:14:29,132] INFO  index.jsp called
[2019-04-09 02:14:43,925] INFO  Login called
[2019-04-09 02:14:43,927] INFO  Session isMobile = false
[2019-04-09 02:14:43,927] INFO  login called
[2019-04-09 02:14:43,937] INFO  User name:admin login was successful!
[2019-04-09 02:14:44,064] INFO  getRecord called
[2019-04-09 02:14:44,107] INFO  admin.jsp called
[2019-04-09 02:14:44,108] INFO  getAllPlayers called
[2019-04-09 02:14:59,714] INFO  emailInvite.jsp called
[2019-04-09 02:15:33,248] INFO  admin.jsp called
[2019-04-09 02:15:33,248] INFO  getAllPlayers called
[2019-04-09 02:15:38,304] INFO  emailUpdate.jsp called
[2019-04-09 02:15:38,309] INFO  getAllPlayers called
[2019-04-09 02:16:03,423] INFO  admin.jsp called
[2019-04-09 02:16:03,423] INFO  getAllPlayers called
[2019-04-09 02:16:05,384] INFO  maintenance.jsp called
[2019-04-09 02:16:05,388] INFO  getAllPlayers called
[2019-04-09 02:16:48,753] INFO  admin.jsp called
[2019-04-09 02:16:48,753] INFO  getAllPlayers called
[2019-04-09 02:17:16,814] INFO  emailUpdate.jsp called
[2019-04-09 02:17:16,815] INFO  getAllPlayers called
[2019-04-09 02:17:40,650] INFO  Logout called
[2019-04-09 02:17:40,672] INFO  index.jsp called
[2019-04-09 02:18:03,667] INFO  Login called
[2019-04-09 02:18:03,667] INFO  Session isMobile = false
[2019-04-09 02:18:03,667] INFO  login called
[2019-04-09 02:18:03,668] INFO  User name:admin login was successful!
[2019-04-09 02:18:03,669] INFO  getRecord called
[2019-04-09 02:18:03,671] INFO  admin.jsp called
[2019-04-09 02:18:03,671] INFO  getAllPlayers called
[2019-04-09 02:18:08,040] INFO  maintenance.jsp called
[2019-04-09 02:18:08,041] INFO  getAllPlayers called
[2019-04-09 02:18:35,894] INFO  admin.jsp called
[2019-04-09 02:18:35,894] INFO  getAllPlayers called
[2019-04-09 02:18:39,513] INFO  maintenance.jsp called
[2019-04-09 02:18:39,514] INFO  getAllPlayers called
[2019-04-09 02:19:36,761] INFO  ManagePlayerData called
[2019-04-09 02:19:36,762] INFO  Form data
[2019-04-09 02:19:36,762] INFO  ---------
[2019-04-09 02:19:36,762] INFO  dataChangeRequest: update
[2019-04-09 02:19:36,762] INFO  firsName: Mark
[2019-04-09 02:19:36,762] INFO  lastName: Moore
[2019-04-09 02:19:36,762] INFO  password: miles@vcn.bc.ca
[2019-04-09 02:19:36,762] INFO  isRegistered: true
[2019-04-09 02:19:36,762] INFO  email: miles@vcn.bc.ca
[2019-04-09 02:19:36,762] INFO  playerPosition: Forward
[2019-04-09 02:19:36,762] INFO  playerStatus: Confirmed
[2019-04-09 02:19:36,763] INFO  getAllPlayers called
[2019-04-09 02:19:36,765] INFO  The highest value player index # is 34
[2019-04-09 02:19:36,765] INFO  Registered: Goalies:2, Skaters:20, Waitlist:3
[2019-04-09 02:19:36,766] INFO  Email of the first player on the waitlist: l_gorges@hotmail.com
[2019-04-09 02:19:36,766] INFO  Index changed: 35
[2019-04-09 02:19:36,766] INFO  update called
[2019-04-09 02:19:36,766] INFO  playerCheck called
[2019-04-09 02:19:36,766] INFO  Email provided is valid
[2019-04-09 02:19:36,767] INFO  Verifying data change request based on input data parameters
[2019-04-09 02:19:36,767] INFO  dataUpdateMessage = Notice: Mark Moore's information has been updated in the database, however, there are already 20 skaters registered to play in the next session. Mark has been added to the waitlist and will be notified by email if a spot comes available.
[2019-04-09 02:19:36,767] INFO  updateRecord called
[2019-04-09 02:19:36,782] INFO  getAllPlayers called
[2019-04-09 02:19:36,783] INFO  Confirmed skaters before test for add of a waitlist player = 20
[2019-04-09 02:19:36,794] INFO  maintenance.jsp called
[2019-04-09 02:19:36,794] INFO  getAllPlayers called
[2019-04-09 02:19:46,146] INFO  admin.jsp called
[2019-04-09 02:19:46,146] INFO  getAllPlayers called
[2019-04-09 02:19:51,639] INFO  Logout called
[2019-04-09 02:19:51,651] INFO  index.jsp called
[2019-04-09 02:55:18,634] INFO  index.jsp called
[2019-04-09 03:33:05,269] INFO  index.jsp called
[2019-04-09 03:38:03,379] INFO  Login called
[2019-04-09 03:38:03,393] INFO  Session isMobile = false
[2019-04-09 03:38:03,394] INFO  login called
[2019-04-09 03:38:03,434] INFO  User name:admin login was successful!
[2019-04-09 03:38:03,438] INFO  getRecord called
[2019-04-09 03:38:03,458] INFO  admin.jsp called
[2019-04-09 03:38:03,459] INFO  getAllPlayers called
[2019-04-09 03:38:17,958] INFO  emailInvite.jsp called
[2019-04-09 03:38:41,581] INFO  admin.jsp called
[2019-04-09 03:38:41,582] INFO  getAllPlayers called
[2019-04-09 03:39:16,416] INFO  maintenance.jsp called
[2019-04-09 03:39:16,416] INFO  getAllPlayers called
[2019-04-09 03:39:28,748] INFO  admin.jsp called
[2019-04-09 03:39:28,749] INFO  getAllPlayers called
[2019-04-09 03:39:38,748] INFO  maintenance.jsp called
[2019-04-09 03:39:38,748] INFO  getAllPlayers called
[2019-04-09 03:40:05,151] INFO  ManagePlayerData called
[2019-04-09 03:40:05,152] INFO  Form data
[2019-04-09 03:40:05,153] INFO  ---------
[2019-04-09 03:40:05,153] INFO  dataChangeRequest: update
[2019-04-09 03:40:05,153] INFO  firsName: Allan
[2019-04-09 03:40:05,153] INFO  lastName: Morel
[2019-04-09 03:40:05,153] INFO  password: allan.morel@hotmail.fr
[2019-04-09 03:40:05,153] INFO  isRegistered: false
[2019-04-09 03:40:05,153] INFO  email: allan.morel@hotmail.fr
[2019-04-09 03:40:05,153] INFO  playerPosition: Forward
[2019-04-09 03:40:05,153] INFO  playerStatus: TBD
[2019-04-09 03:40:05,153] INFO  getAllPlayers called
[2019-04-09 03:40:05,156] INFO  The highest value player index # is 35
[2019-04-09 03:40:05,156] INFO  Registered: Goalies:2, Skaters:20, Waitlist:4
[2019-04-09 03:40:05,156] INFO  Email of the first player on the waitlist: l_gorges@hotmail.com
[2019-04-09 03:40:05,156] INFO  update called
[2019-04-09 03:40:05,156] INFO  playerCheck called
[2019-04-09 03:40:05,157] INFO  Email provided is valid
[2019-04-09 03:40:05,157] INFO  Verifying data change request based on input data parameters
[2019-04-09 03:40:05,158] INFO  dataUpdateMessage = Update Complete: Allan Morel's information has been updated in the database.
[2019-04-09 03:40:05,158] INFO  updateRecord called
[2019-04-09 03:40:05,184] INFO  getAllPlayers called
[2019-04-09 03:40:05,186] INFO  Confirmed skaters before test for add of a waitlist player = 19
[2019-04-09 03:40:05,187] INFO  getRecord called
[2019-04-09 03:40:05,188] INFO  Waitlist player index = 32
[2019-04-09 03:40:05,188] INFO  updatRegistration called
[2019-04-09 03:40:05,214] INFO  dataUpdateMessage = Update Complete: Allan Morel's information has been updated in the database. l Gorges has been moved from the waitlist into the active roster and an email has been sent notifying of the status change.
[2019-04-09 03:40:05,218] INFO  SendMail called
[2019-04-09 03:40:05,219] INFO  The email request attribute is: waitlistPlayerMoved
[2019-04-09 03:40:05,219] INFO  Email recipient: l_gorges@hotmail.com
[2019-04-09 03:40:05,219] INFO  getRecord called
[2019-04-09 03:40:08,701] INFO  maintenance.jsp called
[2019-04-09 03:40:08,701] INFO  getAllPlayers called
[2019-04-09 03:40:21,245] INFO  admin.jsp called
[2019-04-09 03:40:21,245] INFO  getAllPlayers called
[2019-04-09 03:41:38,446] INFO  maintenance.jsp called
[2019-04-09 03:41:38,446] INFO  getAllPlayers called
[2019-04-09 03:41:48,394] INFO  admin.jsp called
[2019-04-09 03:41:48,395] INFO  getAllPlayers called
[2019-04-09 03:41:57,257] INFO  maintenance.jsp called
[2019-04-09 03:41:57,258] INFO  getAllPlayers called
[2019-04-09 03:42:13,885] INFO  ManagePlayerData called
[2019-04-09 03:42:13,886] INFO  Form data
[2019-04-09 03:42:13,886] INFO  ---------
[2019-04-09 03:42:13,886] INFO  dataChangeRequest: update
[2019-04-09 03:42:13,887] INFO  firsName: Allan
[2019-04-09 03:42:13,887] INFO  lastName: Wong
[2019-04-09 03:42:13,887] INFO  password: alwong@hotmail.ca
[2019-04-09 03:42:13,887] INFO  isRegistered: false
[2019-04-09 03:42:13,887] INFO  email: alwong@hotmail.ca
[2019-04-09 03:42:13,887] INFO  playerPosition: Forward
[2019-04-09 03:42:13,887] INFO  playerStatus: TBD
[2019-04-09 03:42:13,887] INFO  getAllPlayers called
[2019-04-09 03:42:13,889] INFO  The highest value player index # is 35
[2019-04-09 03:42:13,889] INFO  Registered: Goalies:2, Skaters:20, Waitlist:3
[2019-04-09 03:42:13,889] INFO  Email of the first player on the waitlist: wong_guy_88@hotmail.com
[2019-04-09 03:42:13,889] INFO  update called
[2019-04-09 03:42:13,890] INFO  playerCheck called
[2019-04-09 03:42:13,890] INFO  Email provided is valid
[2019-04-09 03:42:13,890] INFO  Verifying data change request based on input data parameters
[2019-04-09 03:42:13,890] INFO  dataUpdateMessage = Update Complete: Allan Wong's information has been updated in the database.
[2019-04-09 03:42:13,891] INFO  updateRecord called
[2019-04-09 03:42:13,915] INFO  getAllPlayers called
[2019-04-09 03:42:13,916] INFO  Confirmed skaters before test for add of a waitlist player = 19
[2019-04-09 03:42:13,916] INFO  getRecord called
[2019-04-09 03:42:13,917] INFO  Waitlist player index = 33
[2019-04-09 03:42:13,917] INFO  updatRegistration called
[2019-04-09 03:42:13,972] INFO  dataUpdateMessage = Update Complete: Allan Wong's information has been updated in the database. Johnson Wong has been moved from the waitlist into the active roster and an email has been sent notifying of the status change.
[2019-04-09 03:42:13,973] INFO  SendMail called
[2019-04-09 03:42:13,974] INFO  The email request attribute is: waitlistPlayerMoved
[2019-04-09 03:42:13,974] INFO  Email recipient: wong_guy_88@hotmail.com
[2019-04-09 03:42:13,974] INFO  getRecord called
[2019-04-09 03:42:15,269] INFO  maintenance.jsp called
[2019-04-09 03:42:15,269] INFO  getAllPlayers called
[2019-04-09 03:42:26,751] INFO  admin.jsp called
[2019-04-09 03:42:26,751] INFO  getAllPlayers called
[2019-04-09 03:42:52,792] INFO  maintenance.jsp called
[2019-04-09 03:42:52,792] INFO  getAllPlayers called
[2019-04-09 03:43:17,679] INFO  ManagePlayerData called
[2019-04-09 03:43:17,680] INFO  Form data
[2019-04-09 03:43:17,680] INFO  ---------
[2019-04-09 03:43:17,680] INFO  dataChangeRequest: update
[2019-04-09 03:43:17,680] INFO  firsName: Scott
[2019-04-09 03:43:17,680] INFO  lastName: Norrena
[2019-04-09 03:43:17,680] INFO  password: snorrena@gmail.com
[2019-04-09 03:43:17,680] INFO  isRegistered: true
[2019-04-09 03:43:17,680] INFO  email: snorrena@gmail.com
[2019-04-09 03:43:17,680] INFO  playerPosition: Forward
[2019-04-09 03:43:17,680] INFO  playerStatus: Confirmed
[2019-04-09 03:43:17,680] INFO  getAllPlayers called
[2019-04-09 03:43:17,682] INFO  The highest value player index # is 35
[2019-04-09 03:43:17,683] INFO  Registered: Goalies:2, Skaters:20, Waitlist:2
[2019-04-09 03:43:17,683] INFO  Email of the first player on the waitlist: t_teja@hotmail.com
[2019-04-09 03:43:17,683] INFO  Index changed: 36
[2019-04-09 03:43:17,683] INFO  update called
[2019-04-09 03:43:17,683] INFO  playerCheck called
[2019-04-09 03:43:17,684] INFO  Email provided is valid
[2019-04-09 03:43:17,689] INFO  Verifying data change request based on input data parameters
[2019-04-09 03:43:17,689] INFO  dataUpdateMessage = Notice: Scott Norrena's information has been updated in the database, however, there are already 20 skaters registered to play in the next session. Scott has been added to the waitlist and will be notified by email if a spot comes available.
[2019-04-09 03:43:17,689] INFO  updateRecord called
[2019-04-09 03:43:17,720] INFO  getAllPlayers called
[2019-04-09 03:43:17,722] INFO  Confirmed skaters before test for add of a waitlist player = 20
[2019-04-09 03:43:17,742] INFO  maintenance.jsp called
[2019-04-09 03:43:17,742] INFO  getAllPlayers called
[2019-04-09 03:43:25,684] INFO  admin.jsp called
[2019-04-09 03:43:25,685] INFO  getAllPlayers called
[2019-04-09 03:43:59,230] INFO  maintenance.jsp called
[2019-04-09 03:43:59,230] INFO  getAllPlayers called
[2019-04-09 03:44:17,729] INFO  ManagePlayerData called
[2019-04-09 03:44:17,729] INFO  Form data
[2019-04-09 03:44:17,729] INFO  ---------
[2019-04-09 03:44:17,729] INFO  dataChangeRequest: update
[2019-04-09 03:44:17,729] INFO  firsName: Billy
[2019-04-09 03:44:17,729] INFO  lastName: Wong
[2019-04-09 03:44:17,729] INFO  password: 0billywong0@gmail.com
[2019-04-09 03:44:17,729] INFO  isRegistered: false
[2019-04-09 03:44:17,729] INFO  email: 0billywong0@gmail.com
[2019-04-09 03:44:17,729] INFO  playerPosition: Forward
[2019-04-09 03:44:17,729] INFO  playerStatus: TBD
[2019-04-09 03:44:17,729] INFO  getAllPlayers called
[2019-04-09 03:44:17,731] INFO  The highest value player index # is 36
[2019-04-09 03:44:17,731] INFO  Registered: Goalies:2, Skaters:20, Waitlist:3
[2019-04-09 03:44:17,731] INFO  Email of the first player on the waitlist: t_teja@hotmail.com
[2019-04-09 03:44:17,731] INFO  update called
[2019-04-09 03:44:17,731] INFO  playerCheck called
[2019-04-09 03:44:17,732] INFO  Email provided is valid
[2019-04-09 03:44:17,732] INFO  Verifying data change request based on input data parameters
[2019-04-09 03:44:17,732] INFO  dataUpdateMessage = Update Complete: Billy Wong's information has been updated in the database.
[2019-04-09 03:44:17,732] INFO  updateRecord called
[2019-04-09 03:44:17,763] INFO  getAllPlayers called
[2019-04-09 03:44:17,764] INFO  Confirmed skaters before test for add of a waitlist player = 19
[2019-04-09 03:44:17,764] INFO  getRecord called
[2019-04-09 03:44:17,765] INFO  Waitlist player index = 34
[2019-04-09 03:44:17,765] INFO  updatRegistration called
[2019-04-09 03:44:17,813] INFO  dataUpdateMessage = Update Complete: Billy Wong's information has been updated in the database. Tariq Teja has been moved from the waitlist into the active roster and an email has been sent notifying of the status change.
[2019-04-09 03:44:17,814] INFO  SendMail called
[2019-04-09 03:44:17,814] INFO  The email request attribute is: waitlistPlayerMoved
[2019-04-09 03:44:17,814] INFO  Email recipient: t_teja@hotmail.com
[2019-04-09 03:44:17,814] INFO  getRecord called
[2019-04-09 03:44:19,068] INFO  maintenance.jsp called
[2019-04-09 03:44:19,068] INFO  getAllPlayers called
[2019-04-09 03:44:34,227] INFO  admin.jsp called
[2019-04-09 03:44:34,227] INFO  getAllPlayers called
[2019-04-09 03:45:01,215] INFO  maintenance.jsp called
[2019-04-09 03:45:01,216] INFO  getAllPlayers called
[2019-04-09 03:45:22,884] INFO  ManagePlayerData called
[2019-04-09 03:45:22,885] INFO  Form data
[2019-04-09 03:45:22,885] INFO  ---------
[2019-04-09 03:45:22,885] INFO  dataChangeRequest: update
[2019-04-09 03:45:22,885] INFO  firsName: Alois
[2019-04-09 03:45:22,885] INFO  lastName: Gallet
[2019-04-09 03:45:22,885] INFO  password: gallet.alois@gmail.com
[2019-04-09 03:45:22,885] INFO  isRegistered: true
[2019-04-09 03:45:22,885] INFO  email: gallet.alois@gmail.com
[2019-04-09 03:45:22,885] INFO  playerPosition: Forward
[2019-04-09 03:45:22,886] INFO  playerStatus: Waitlist
[2019-04-09 03:45:22,886] INFO  getAllPlayers called
[2019-04-09 03:45:22,888] INFO  The highest value player index # is 36
[2019-04-09 03:45:22,888] INFO  Registered: Goalies:2, Skaters:20, Waitlist:2
[2019-04-09 03:45:22,888] INFO  Email of the first player on the waitlist: miles@vcn.bc.ca
[2019-04-09 03:45:22,888] INFO  update called
[2019-04-09 03:45:22,888] INFO  playerCheck called
[2019-04-09 03:45:22,889] INFO  Email provided is valid
[2019-04-09 03:45:22,889] INFO  Verifying data change request based on input data parameters
[2019-04-09 03:45:22,889] INFO  dataUpdateMessage = Update Complete: Alois Gallet's information has been updated in the database.
[2019-04-09 03:45:22,889] INFO  updateRecord called
[2019-04-09 03:45:22,920] INFO  getAllPlayers called
[2019-04-09 03:45:22,922] INFO  Confirmed skaters before test for add of a waitlist player = 19
[2019-04-09 03:45:22,922] INFO  getRecord called
[2019-04-09 03:45:22,925] INFO  Waitlist player index = 35
[2019-04-09 03:45:22,925] INFO  updatRegistration called
[2019-04-09 03:45:22,950] INFO  dataUpdateMessage = Update Complete: Alois Gallet's information has been updated in the database. Mark Moore has been moved from the waitlist into the active roster and an email has been sent notifying of the status change.
[2019-04-09 03:45:22,951] INFO  SendMail called
[2019-04-09 03:45:22,951] INFO  The email request attribute is: waitlistPlayerMoved
[2019-04-09 03:45:22,951] INFO  Email recipient: miles@vcn.bc.ca
[2019-04-09 03:45:22,951] INFO  getRecord called
[2019-04-09 03:45:24,183] INFO  maintenance.jsp called
[2019-04-09 03:45:24,184] INFO  getAllPlayers called
[2019-04-09 03:45:33,545] INFO  admin.jsp called
[2019-04-09 03:45:33,550] INFO  getAllPlayers called
[2019-04-09 03:46:13,042] INFO  maintenance.jsp called
[2019-04-09 03:46:13,042] INFO  getAllPlayers called
[2019-04-09 03:46:28,694] INFO  ManagePlayerData called
[2019-04-09 03:46:28,695] INFO  Form data
[2019-04-09 03:46:28,695] INFO  ---------
[2019-04-09 03:46:28,695] INFO  dataChangeRequest: update
[2019-04-09 03:46:28,695] INFO  firsName: Alois
[2019-04-09 03:46:28,695] INFO  lastName: Gallet
[2019-04-09 03:46:28,695] INFO  password: gallet.alois@gmail.com
[2019-04-09 03:46:28,695] INFO  isRegistered: false
[2019-04-09 03:46:28,695] INFO  email: gallet.alois@gmail.com
[2019-04-09 03:46:28,695] INFO  playerPosition: Forward
[2019-04-09 03:46:28,695] INFO  playerStatus: TBD
[2019-04-09 03:46:28,695] INFO  getAllPlayers called
[2019-04-09 03:46:28,697] INFO  The highest value player index # is 36
[2019-04-09 03:46:28,697] INFO  Registered: Goalies:2, Skaters:20, Waitlist:2
[2019-04-09 03:46:28,697] INFO  Email of the first player on the waitlist: gallet.alois@gmail.com
[2019-04-09 03:46:28,697] INFO  update called
[2019-04-09 03:46:28,697] INFO  playerCheck called
[2019-04-09 03:46:28,698] INFO  Email provided is valid
[2019-04-09 03:46:28,698] INFO  Verifying data change request based on input data parameters
[2019-04-09 03:46:28,698] INFO  dataUpdateMessage = Update Complete: Alois Gallet's information has been updated in the database.
[2019-04-09 03:46:28,698] INFO  updateRecord called
[2019-04-09 03:46:28,727] INFO  getAllPlayers called
[2019-04-09 03:46:28,729] INFO  Confirmed skaters before test for add of a waitlist player = 20
[2019-04-09 03:46:28,740] INFO  maintenance.jsp called
[2019-04-09 03:46:28,740] INFO  getAllPlayers called
[2019-04-09 03:46:35,023] INFO  admin.jsp called
[2019-04-09 03:46:35,023] INFO  getAllPlayers called
[2019-04-09 03:48:43,848] INFO  maintenance.jsp called
[2019-04-09 03:48:43,848] INFO  getAllPlayers called
[2019-04-09 03:49:30,068] INFO  ManagePlayerData called
[2019-04-09 03:49:30,068] INFO  Form data
[2019-04-09 03:49:30,069] INFO  ---------
[2019-04-09 03:49:30,069] INFO  dataChangeRequest: update
[2019-04-09 03:49:30,069] INFO  firsName: Allan
[2019-04-09 03:49:30,069] INFO  lastName: Morel
[2019-04-09 03:49:30,069] INFO  password: allan.morel@hotmail.fr
[2019-04-09 03:49:30,069] INFO  isRegistered: true
[2019-04-09 03:49:30,069] INFO  email: allan.morel@hotmail.fr
[2019-04-09 03:49:30,069] INFO  playerPosition: Forward
[2019-04-09 03:49:30,069] INFO  playerStatus: Confirmed
[2019-04-09 03:49:30,069] INFO  getAllPlayers called
[2019-04-09 03:49:30,071] INFO  The highest value player index # is 36
[2019-04-09 03:49:30,071] INFO  Registered: Goalies:2, Skaters:20, Waitlist:1
[2019-04-09 03:49:30,071] INFO  Email of the first player on the waitlist: snorrena@gmail.com
[2019-04-09 03:49:30,071] INFO  Index changed: 37
[2019-04-09 03:49:30,071] INFO  update called
[2019-04-09 03:49:30,071] INFO  playerCheck called
[2019-04-09 03:49:30,072] INFO  Email provided is valid
[2019-04-09 03:49:30,072] INFO  Verifying data change request based on input data parameters
[2019-04-09 03:49:30,072] INFO  dataUpdateMessage = Notice: Allan Morel's information has been updated in the database, however, there are already 20 skaters registered to play in the next session. Allan has been added to the waitlist and will be notified by email if a spot comes available.
[2019-04-09 03:49:30,072] INFO  updateRecord called
[2019-04-09 03:49:30,121] INFO  getAllPlayers called
[2019-04-09 03:49:30,123] INFO  Confirmed skaters before test for add of a waitlist player = 20
[2019-04-09 03:49:30,221] INFO  maintenance.jsp called
[2019-04-09 03:49:30,221] INFO  getAllPlayers called
[2019-04-09 03:49:41,083] INFO  admin.jsp called
[2019-04-09 03:49:41,084] INFO  getAllPlayers called
[2019-04-09 03:50:44,262] INFO  index.jsp called
[2019-04-09 03:51:05,411] INFO  Login called
[2019-04-09 03:51:05,412] INFO  Session isMobile = false
[2019-04-09 03:51:05,413] INFO  login called
[2019-04-09 03:51:05,414] INFO  User name:snorrena@gmail.com login was successful!
[2019-04-09 03:51:05,414] INFO  getRecord called
[2019-04-09 03:51:05,664] INFO  welcome.jsp called
[2019-04-09 03:51:05,672] INFO  getAllPlayers called
[2019-04-09 03:51:05,676] INFO  Registered: Goalies:2, Skaters:20, Waitlist:2
[2019-04-09 03:51:05,676] INFO  Email of the first player on the waitlist: snorrena@gmail.com
[2019-04-09 03:51:05,676] INFO  The current user: Scott Norrena is a Forward of status: Waitlist
[2019-04-09 03:52:16,003] INFO  maintenance.jsp called
[2019-04-09 03:52:16,004] INFO  getAllPlayers called
[2019-04-09 03:52:49,127] INFO  Logout called
[2019-04-09 03:52:49,148] INFO  index.jsp called
[2019-04-09 03:53:05,433] INFO  Login called
[2019-04-09 03:53:05,434] INFO  Session isMobile = false
[2019-04-09 03:53:05,434] INFO  login called
[2019-04-09 03:53:05,436] INFO  User name:miles@vcn.bc.ca login was successful!
[2019-04-09 03:53:05,436] INFO  getRecord called
[2019-04-09 03:53:05,439] INFO  welcome.jsp called
[2019-04-09 03:53:05,440] INFO  getAllPlayers called
[2019-04-09 03:53:05,441] INFO  Registered: Goalies:2, Skaters:20, Waitlist:2
[2019-04-09 03:53:05,441] INFO  Email of the first player on the waitlist: snorrena@gmail.com
[2019-04-09 03:53:05,441] INFO  The current user: Mark Moore is a Forward of status: Confirmed
[2019-04-09 03:53:11,983] INFO  CancelRegistration called
[2019-04-09 03:53:11,983] INFO  getRecord called
[2019-04-09 03:53:11,984] INFO  updatRegistration called
[2019-04-09 03:53:12,015] INFO  Mark Moore's registration has been cancelled.
[2019-04-09 03:53:12,016] INFO  updatRegistration called
[2019-04-09 03:53:12,061] INFO  The first skater on the waitlist has been moved into the roster
[2019-04-09 03:53:12,062] INFO  SendMail called
[2019-04-09 03:53:12,062] INFO  The email request attribute is: waitlistPlayerMoved
[2019-04-09 03:53:12,062] INFO  Email recipient: snorrena@gmail.com
[2019-04-09 03:53:12,062] INFO  getRecord called
[2019-04-09 03:53:13,561] INFO  index.jsp called
[2019-04-09 03:53:57,312] INFO  Login called
[2019-04-09 03:53:57,313] INFO  Session isMobile = false
[2019-04-09 03:53:57,313] INFO  login called
[2019-04-09 03:53:57,315] INFO  User name:snorrena@gmail.com login was successful!
[2019-04-09 03:53:57,316] INFO  getRecord called
[2019-04-09 03:53:57,318] INFO  welcome.jsp called
[2019-04-09 03:53:57,319] INFO  getAllPlayers called
[2019-04-09 03:53:57,320] INFO  Registered: Goalies:2, Skaters:20, Waitlist:1
[2019-04-09 03:53:57,320] INFO  Email of the first player on the waitlist: allan.morel@hotmail.fr
[2019-04-09 03:53:57,320] INFO  The current user: Scott Norrena is a Forward of status: Confirmed
[2019-04-09 03:56:58,248] INFO  Logout called
[2019-04-09 03:56:58,289] INFO  index.jsp called
[2019-04-09 03:57:12,593] INFO  Login called
[2019-04-09 03:57:12,593] INFO  Session isMobile = false
[2019-04-09 03:57:12,593] INFO  login called
[2019-04-09 03:57:12,595] INFO  User name:admin login was successful!
[2019-04-09 03:57:12,595] INFO  getRecord called
[2019-04-09 03:57:12,597] INFO  admin.jsp called
[2019-04-09 03:57:12,597] INFO  getAllPlayers called
[2019-04-09 03:57:22,434] INFO  maintenance.jsp called
[2019-04-09 03:57:22,434] INFO  getAllPlayers called
[2019-04-09 03:58:59,511] INFO  ManagePlayerData called
[2019-04-09 03:58:59,515] INFO  Form data
[2019-04-09 03:58:59,515] INFO  ---------
[2019-04-09 03:58:59,515] INFO  dataChangeRequest: add
[2019-04-09 03:58:59,516] INFO  firsName: Tamara 
[2019-04-09 03:58:59,516] INFO  lastName: Jones
[2019-04-09 03:58:59,516] INFO  password: tamarajones123@hotmail.com
[2019-04-09 03:58:59,516] INFO  isRegistered: true
[2019-04-09 03:58:59,516] INFO  email: tamarajones123@hotmail.com
[2019-04-09 03:58:59,516] INFO  playerPosition: Forward
[2019-04-09 03:58:59,516] INFO  playerStatus: Confirmed
[2019-04-09 03:58:59,516] INFO  getAllPlayers called
[2019-04-09 03:58:59,518] INFO  The highest value player index # is 37
[2019-04-09 03:58:59,518] INFO  Registered: Goalies:2, Skaters:20, Waitlist:1
[2019-04-09 03:58:59,518] INFO  Email of the first player on the waitlist: allan.morel@hotmail.fr
[2019-04-09 03:58:59,518] INFO  Index changed: 38
[2019-04-09 03:58:59,518] INFO  add request called
[2019-04-09 03:58:59,518] INFO  playerCheck called
[2019-04-09 03:58:59,519] INFO  email given does not exist in the database player may be added
[2019-04-09 03:58:59,519] INFO  Verifying data change request based on input data parameters
[2019-04-09 03:58:59,519] INFO  dataUpdateMessage = Notice: Tamara  Jones's information has been added into the database, however there are already 20 skaters registered to play in the next session. Tamara  has been added to the waitlist and will be notified by email if a spot comes available.
[2019-04-09 03:58:59,519] INFO  insertRecord called
[2019-04-09 03:58:59,546] INFO  getAllPlayers called
[2019-04-09 03:58:59,548] INFO  Confirmed skaters before test for add of a waitlist player = 20
[2019-04-09 03:58:59,564] INFO  maintenance.jsp called
[2019-04-09 03:58:59,564] INFO  getAllPlayers called
[2019-04-09 03:59:11,327] INFO  admin.jsp called
[2019-04-09 03:59:11,327] INFO  getAllPlayers called
[2019-04-09 03:59:36,731] INFO  maintenance.jsp called
[2019-04-09 03:59:36,731] INFO  getAllPlayers called
[2019-04-09 04:00:15,632] INFO  ManagePlayerData called
[2019-04-09 04:00:15,633] INFO  Form data
[2019-04-09 04:00:15,633] INFO  ---------
[2019-04-09 04:00:15,633] INFO  dataChangeRequest: update
[2019-04-09 04:00:15,633] INFO  firsName: Hoi
[2019-04-09 04:00:15,633] INFO  lastName: Leung
[2019-04-09 04:00:15,633] INFO  password: hoil@shaw.ca
[2019-04-09 04:00:15,633] INFO  isRegistered: false
[2019-04-09 04:00:15,633] INFO  email: hoil@shaw.ca
[2019-04-09 04:00:15,633] INFO  playerPosition: Goalie
[2019-04-09 04:00:15,633] INFO  playerStatus: TBD
[2019-04-09 04:00:15,633] INFO  getAllPlayers called
[2019-04-09 04:00:15,635] INFO  The highest value player index # is 38
[2019-04-09 04:00:15,635] INFO  Registered: Goalies:2, Skaters:20, Waitlist:2
[2019-04-09 04:00:15,635] INFO  Email of the first player on the waitlist: allan.morel@hotmail.fr
[2019-04-09 04:00:15,635] INFO  update called
[2019-04-09 04:00:15,635] INFO  playerCheck called
[2019-04-09 04:00:15,636] INFO  Email provided is valid
[2019-04-09 04:00:15,636] INFO  Verifying data change request based on input data parameters
[2019-04-09 04:00:15,636] INFO  dataUpdateMessage = Update Complete: Hoi Leung's information has been changed in the database.
[2019-04-09 04:00:15,636] INFO  updateRecord called
[2019-04-09 04:00:15,652] INFO  getAllPlayers called
[2019-04-09 04:00:15,654] INFO  Confirmed skaters before test for add of a waitlist player = 20
[2019-04-09 04:00:15,681] INFO  maintenance.jsp called
[2019-04-09 04:00:15,681] INFO  getAllPlayers called
[2019-04-09 04:01:01,269] INFO  admin.jsp called
[2019-04-09 04:01:01,270] INFO  getAllPlayers called
[2019-04-09 04:01:17,182] INFO  maintenance.jsp called
[2019-04-09 04:01:17,182] INFO  getAllPlayers called
[2019-04-09 04:01:48,090] INFO  ManagePlayerData called
[2019-04-09 04:01:48,091] INFO  Form data
[2019-04-09 04:01:48,091] INFO  ---------
[2019-04-09 04:01:48,091] INFO  dataChangeRequest: update
[2019-04-09 04:01:48,091] INFO  firsName: Tamara 
[2019-04-09 04:01:48,091] INFO  lastName: Jones
[2019-04-09 04:01:48,091] INFO  password: tamarajones123@hotmail.com
[2019-04-09 04:01:48,091] INFO  isRegistered: true
[2019-04-09 04:01:48,091] INFO  email: tamarajones123@hotmail.com
[2019-04-09 04:01:48,091] INFO  playerPosition: Goalie
[2019-04-09 04:01:48,091] INFO  playerStatus: Confirmed
[2019-04-09 04:01:48,091] INFO  getAllPlayers called
[2019-04-09 04:01:48,093] INFO  The highest value player index # is 38
[2019-04-09 04:01:48,093] INFO  Registered: Goalies:1, Skaters:20, Waitlist:2
[2019-04-09 04:01:48,093] INFO  Email of the first player on the waitlist: allan.morel@hotmail.fr
[2019-04-09 04:01:48,093] INFO  update called
[2019-04-09 04:01:48,093] INFO  playerCheck called
[2019-04-09 04:01:48,094] INFO  Email provided is valid
[2019-04-09 04:01:48,094] INFO  Verifying data change request based on input data parameters
[2019-04-09 04:01:48,094] INFO  dataUpdateMessage = Update Complete: Tamara  Jones has been registered to play in the next game.
[2019-04-09 04:01:48,094] INFO  updateRecord called
[2019-04-09 04:01:48,144] INFO  getAllPlayers called
[2019-04-09 04:01:48,145] INFO  Confirmed skaters before test for add of a waitlist player = 20
[2019-04-09 04:01:48,156] INFO  maintenance.jsp called
[2019-04-09 04:01:48,156] INFO  getAllPlayers called
[2019-04-09 04:01:51,835] INFO  admin.jsp called
[2019-04-09 04:01:51,835] INFO  getAllPlayers called
[2019-04-09 04:02:04,462] INFO  emailInvite.jsp called
[2019-04-09 04:03:15,692] INFO  admin.jsp called
[2019-04-09 04:03:15,692] INFO  getAllPlayers called
[2019-04-09 04:03:21,485] INFO  emailInvite.jsp called
[2019-04-09 04:03:30,966] INFO  admin.jsp called
[2019-04-09 04:03:30,967] INFO  getAllPlayers called
[2019-04-09 04:03:34,086] INFO  emailUpdate.jsp called
[2019-04-09 04:03:34,086] INFO  getAllPlayers called
[2019-04-09 04:05:11,844] INFO  admin.jsp called
[2019-04-09 04:05:11,844] INFO  getAllPlayers called
[2019-04-09 04:06:28,708] INFO  maintenance.jsp called
[2019-04-09 04:06:28,708] INFO  getAllPlayers called
[2019-04-09 04:07:25,263] INFO  admin.jsp called
[2019-04-09 04:07:25,263] INFO  getAllPlayers called
[2019-04-09 04:07:30,623] INFO  maintenance.jsp called
[2019-04-09 04:07:30,624] INFO  getAllPlayers called
[2019-04-09 04:07:57,384] INFO  ManagePlayerData called
[2019-04-09 04:07:57,384] INFO  Form data
[2019-04-09 04:07:57,384] INFO  ---------
[2019-04-09 04:07:57,384] INFO  dataChangeRequest: update
[2019-04-09 04:07:57,384] INFO  firsName: Tamara 
[2019-04-09 04:07:57,385] INFO  lastName: Jones
[2019-04-09 04:07:57,385] INFO  password: tamarajones123@hotmail.com
[2019-04-09 04:07:57,385] INFO  isRegistered: true
[2019-04-09 04:07:57,385] INFO  email: tamarajones123@hotmail.com
[2019-04-09 04:07:57,385] INFO  playerPosition: Forward
[2019-04-09 04:07:57,385] INFO  playerStatus: Confirmed
[2019-04-09 04:07:57,385] INFO  getAllPlayers called
[2019-04-09 04:07:57,387] INFO  The highest value player index # is 38
[2019-04-09 04:07:57,387] INFO  Registered: Goalies:2, Skaters:20, Waitlist:1
[2019-04-09 04:07:57,387] INFO  Email of the first player on the waitlist: allan.morel@hotmail.fr
[2019-04-09 04:07:57,387] INFO  update called
[2019-04-09 04:07:57,387] INFO  playerCheck called
[2019-04-09 04:07:57,388] INFO  Email provided is valid
[2019-04-09 04:07:57,388] INFO  Verifying data change request based on input data parameters
[2019-04-09 04:07:57,388] INFO  dataUpdateMessage = Notice: Tamara  Jones's information has been updated in the database, however, there are already 20 skaters registered to play in the next session. Tamara  has been added to the waitlist and will be notified by email if a spot comes available.
[2019-04-09 04:07:57,388] INFO  updateRecord called
[2019-04-09 04:07:57,393] INFO  getAllPlayers called
[2019-04-09 04:07:57,395] INFO  Confirmed skaters before test for add of a waitlist player = 20
[2019-04-09 04:07:57,434] INFO  maintenance.jsp called
[2019-04-09 04:07:57,434] INFO  getAllPlayers called
[2019-04-09 04:08:00,363] INFO  admin.jsp called
[2019-04-09 04:08:00,364] INFO  getAllPlayers called
[2019-04-09 04:08:11,650] INFO  maintenance.jsp called
[2019-04-09 04:08:11,651] INFO  getAllPlayers called
[2019-04-09 04:08:36,830] INFO  ManagePlayerData called
[2019-04-09 04:08:36,830] INFO  Form data
[2019-04-09 04:08:36,830] INFO  ---------
[2019-04-09 04:08:36,830] INFO  dataChangeRequest: update
[2019-04-09 04:08:36,830] INFO  firsName: Alois
[2019-04-09 04:08:36,830] INFO  lastName: Gallet
[2019-04-09 04:08:36,831] INFO  password: gallet.alois@gmail.com
[2019-04-09 04:08:36,831] INFO  isRegistered: true
[2019-04-09 04:08:36,831] INFO  email: gallet.alois@gmail.com
[2019-04-09 04:08:36,831] INFO  playerPosition: Forward
[2019-04-09 04:08:36,831] INFO  playerStatus: Confirmed
[2019-04-09 04:08:36,831] INFO  getAllPlayers called
[2019-04-09 04:08:36,832] INFO  The highest value player index # is 38
[2019-04-09 04:08:36,833] INFO  Registered: Goalies:1, Skaters:20, Waitlist:2
[2019-04-09 04:08:36,833] INFO  Email of the first player on the waitlist: allan.morel@hotmail.fr
[2019-04-09 04:08:36,833] INFO  Index changed: 39
[2019-04-09 04:08:36,833] INFO  update called
[2019-04-09 04:08:36,833] INFO  playerCheck called
[2019-04-09 04:08:36,833] INFO  Email provided is valid
[2019-04-09 04:08:36,833] INFO  Verifying data change request based on input data parameters
[2019-04-09 04:08:36,834] INFO  dataUpdateMessage = Notice: Alois Gallet's information has been updated in the database, however, there are already 20 skaters registered to play in the next session. Alois has been added to the waitlist and will be notified by email if a spot comes available.
[2019-04-09 04:08:36,834] INFO  updateRecord called
[2019-04-09 04:08:36,871] INFO  getAllPlayers called
[2019-04-09 04:08:36,873] INFO  Confirmed skaters before test for add of a waitlist player = 20
[2019-04-09 04:08:36,888] INFO  maintenance.jsp called
[2019-04-09 04:08:36,888] INFO  getAllPlayers called
[2019-04-09 04:09:02,661] INFO  ManagePlayerData called
[2019-04-09 04:09:02,662] INFO  Form data
[2019-04-09 04:09:02,662] INFO  ---------
[2019-04-09 04:09:02,662] INFO  dataChangeRequest: update
[2019-04-09 04:09:02,662] INFO  firsName: Mark
[2019-04-09 04:09:02,662] INFO  lastName: Tran
[2019-04-09 04:09:02,662] INFO  password: tran_mark06@yahoo.ca
[2019-04-09 04:09:02,662] INFO  isRegistered: true
[2019-04-09 04:09:02,662] INFO  email: tran_mark06@yahoo.ca
[2019-04-09 04:09:02,662] INFO  playerPosition: Forward
[2019-04-09 04:09:02,662] INFO  playerStatus: Confirmed
[2019-04-09 04:09:02,662] INFO  getAllPlayers called
[2019-04-09 04:09:02,664] INFO  The highest value player index # is 39
[2019-04-09 04:09:02,664] INFO  Registered: Goalies:1, Skaters:20, Waitlist:3
[2019-04-09 04:09:02,664] INFO  Email of the first player on the waitlist: allan.morel@hotmail.fr
[2019-04-09 04:09:02,664] INFO  Index changed: 40
[2019-04-09 04:09:02,664] INFO  update called
[2019-04-09 04:09:02,664] INFO  playerCheck called
[2019-04-09 04:09:02,664] INFO  Email provided is valid
[2019-04-09 04:09:02,664] INFO  Verifying data change request based on input data parameters
[2019-04-09 04:09:02,664] INFO  dataUpdateMessage = Notice: Mark Tran's information has been updated in the database, however, there are already 20 skaters registered to play in the next session. Mark has been added to the waitlist and will be notified by email if a spot comes available.
[2019-04-09 04:09:02,665] INFO  updateRecord called
[2019-04-09 04:09:02,701] INFO  getAllPlayers called
[2019-04-09 04:09:02,702] INFO  Confirmed skaters before test for add of a waitlist player = 20
[2019-04-09 04:09:02,753] INFO  maintenance.jsp called
[2019-04-09 04:09:02,754] INFO  getAllPlayers called
[2019-04-09 04:09:33,084] INFO  ManagePlayerData called
[2019-04-09 04:09:33,085] INFO  Form data
[2019-04-09 04:09:33,085] INFO  ---------
[2019-04-09 04:09:33,085] INFO  dataChangeRequest: update
[2019-04-09 04:09:33,085] INFO  firsName: Oliver
[2019-04-09 04:09:33,085] INFO  lastName: ?
[2019-04-09 04:09:33,085] INFO  password: oliver@lichy.ca
[2019-04-09 04:09:33,085] INFO  isRegistered: true
[2019-04-09 04:09:33,085] INFO  email: oliver@lichy.ca
[2019-04-09 04:09:33,085] INFO  playerPosition: Forward
[2019-04-09 04:09:33,085] INFO  playerStatus: Confirmed
[2019-04-09 04:09:33,085] INFO  getAllPlayers called
[2019-04-09 04:09:33,087] INFO  The highest value player index # is 40
[2019-04-09 04:09:33,087] INFO  Registered: Goalies:1, Skaters:20, Waitlist:4
[2019-04-09 04:09:33,087] INFO  Email of the first player on the waitlist: allan.morel@hotmail.fr
[2019-04-09 04:09:33,087] INFO  Index changed: 41
[2019-04-09 04:09:33,087] INFO  update called
[2019-04-09 04:09:33,087] INFO  playerCheck called
[2019-04-09 04:09:33,088] INFO  Email provided is valid
[2019-04-09 04:09:33,088] INFO  Verifying data change request based on input data parameters
[2019-04-09 04:09:33,088] INFO  dataUpdateMessage = Error: There are already 20 skaters registered to play in the next session and the waitlist is full.
[2019-04-09 04:09:33,088] INFO  getAllPlayers called
[2019-04-09 04:09:33,089] INFO  Confirmed skaters before test for add of a waitlist player = 20
[2019-04-09 04:09:33,145] INFO  maintenance.jsp called
[2019-04-09 04:09:33,145] INFO  getAllPlayers called
[2019-04-09 04:09:41,049] INFO  admin.jsp called
[2019-04-09 04:09:41,049] INFO  getAllPlayers called
[2019-04-09 04:09:50,788] INFO  maintenance.jsp called
[2019-04-09 04:09:50,788] INFO  getAllPlayers called
[2019-04-09 04:10:21,438] INFO  ManagePlayerData called
[2019-04-09 04:10:21,438] INFO  Form data
[2019-04-09 04:10:21,438] INFO  ---------
[2019-04-09 04:10:21,438] INFO  dataChangeRequest: update
[2019-04-09 04:10:21,438] INFO  firsName: Hoi
[2019-04-09 04:10:21,439] INFO  lastName: Leung
[2019-04-09 04:10:21,439] INFO  password: hoil@shaw.ca
[2019-04-09 04:10:21,439] INFO  isRegistered: true
[2019-04-09 04:10:21,439] INFO  email: hoil@shaw.ca
[2019-04-09 04:10:21,439] INFO  playerPosition: Goalie
[2019-04-09 04:10:21,439] INFO  playerStatus: Confirmed
[2019-04-09 04:10:21,439] INFO  getAllPlayers called
[2019-04-09 04:10:21,440] INFO  The highest value player index # is 40
[2019-04-09 04:10:21,440] INFO  Registered: Goalies:1, Skaters:20, Waitlist:4
[2019-04-09 04:10:21,441] INFO  Email of the first player on the waitlist: allan.morel@hotmail.fr
[2019-04-09 04:10:21,441] INFO  Index changed: 41
[2019-04-09 04:10:21,441] INFO  update called
[2019-04-09 04:10:21,441] INFO  playerCheck called
[2019-04-09 04:10:21,441] INFO  Email provided is valid
[2019-04-09 04:10:21,441] INFO  Verifying data change request based on input data parameters
[2019-04-09 04:10:21,441] INFO  dataUpdateMessage = Update Complete: Hoi Leung has been registered to play in the next game.
[2019-04-09 04:10:21,441] INFO  updateRecord called
[2019-04-09 04:10:21,470] INFO  getAllPlayers called
[2019-04-09 04:10:21,473] INFO  Confirmed skaters before test for add of a waitlist player = 20
[2019-04-09 04:10:21,543] INFO  maintenance.jsp called
[2019-04-09 04:10:21,546] INFO  getAllPlayers called
[2019-04-09 04:10:29,456] INFO  admin.jsp called
[2019-04-09 04:10:29,456] INFO  getAllPlayers called
[2019-04-09 04:10:46,114] INFO  maintenance.jsp called
[2019-04-09 04:10:46,114] INFO  getAllPlayers called
[2019-04-09 04:11:02,686] INFO  ManagePlayerData called
[2019-04-09 04:11:02,686] INFO  Form data
[2019-04-09 04:11:02,686] INFO  ---------
[2019-04-09 04:11:02,686] INFO  dataChangeRequest: update
[2019-04-09 04:11:02,686] INFO  firsName: Allan
[2019-04-09 04:11:02,686] INFO  lastName: Morel
[2019-04-09 04:11:02,686] INFO  password: allan.morel@hotmail.fr
[2019-04-09 04:11:02,686] INFO  isRegistered: false
[2019-04-09 04:11:02,686] INFO  email: allan.morel@hotmail.fr
[2019-04-09 04:11:02,686] INFO  playerPosition: Forward
[2019-04-09 04:11:02,686] INFO  playerStatus: TBD
[2019-04-09 04:11:02,686] INFO  getAllPlayers called
[2019-04-09 04:11:02,688] INFO  The highest value player index # is 41
[2019-04-09 04:11:02,688] INFO  Registered: Goalies:2, Skaters:20, Waitlist:4
[2019-04-09 04:11:02,688] INFO  Email of the first player on the waitlist: allan.morel@hotmail.fr
[2019-04-09 04:11:02,689] INFO  update called
[2019-04-09 04:11:02,689] INFO  playerCheck called
[2019-04-09 04:11:02,689] INFO  Email provided is valid
[2019-04-09 04:11:02,689] INFO  Verifying data change request based on input data parameters
[2019-04-09 04:11:02,689] INFO  dataUpdateMessage = Update Complete: Allan Morel's information has been updated in the database.
[2019-04-09 04:11:02,689] INFO  updateRecord called
[2019-04-09 04:11:02,705] INFO  getAllPlayers called
[2019-04-09 04:11:02,707] INFO  Confirmed skaters before test for add of a waitlist player = 20
[2019-04-09 04:11:02,719] INFO  maintenance.jsp called
[2019-04-09 04:11:02,719] INFO  getAllPlayers called
[2019-04-09 04:11:04,962] INFO  admin.jsp called
[2019-04-09 04:11:04,962] INFO  getAllPlayers called
[2019-04-09 04:11:19,295] INFO  maintenance.jsp called
[2019-04-09 04:11:19,295] INFO  getAllPlayers called
[2019-04-09 04:11:36,661] INFO  ManagePlayerData called
[2019-04-09 04:11:36,662] INFO  Form data
[2019-04-09 04:11:36,662] INFO  ---------
[2019-04-09 04:11:36,663] INFO  dataChangeRequest: update
[2019-04-09 04:11:36,663] INFO  firsName: Scott
[2019-04-09 04:11:36,663] INFO  lastName: Norrena
[2019-04-09 04:11:36,663] INFO  password: snorrena@gmail.com
[2019-04-09 04:11:36,663] INFO  isRegistered: false
[2019-04-09 04:11:36,663] INFO  email: snorrena@gmail.com
[2019-04-09 04:11:36,663] INFO  playerPosition: Forward
[2019-04-09 04:11:36,663] INFO  playerStatus: TBD
[2019-04-09 04:11:36,663] INFO  getAllPlayers called
[2019-04-09 04:11:36,664] INFO  The highest value player index # is 41
[2019-04-09 04:11:36,664] INFO  Registered: Goalies:2, Skaters:20, Waitlist:3
[2019-04-09 04:11:36,664] INFO  Email of the first player on the waitlist: tamarajones123@hotmail.com
[2019-04-09 04:11:36,664] INFO  update called
[2019-04-09 04:11:36,664] INFO  playerCheck called
[2019-04-09 04:11:36,665] INFO  Email provided is valid
[2019-04-09 04:11:36,665] INFO  Verifying data change request based on input data parameters
[2019-04-09 04:11:36,665] INFO  dataUpdateMessage = Update Complete: Scott Norrena's information has been updated in the database.
[2019-04-09 04:11:36,665] INFO  updateRecord called
[2019-04-09 04:11:36,717] INFO  getAllPlayers called
[2019-04-09 04:11:36,719] INFO  Confirmed skaters before test for add of a waitlist player = 19
[2019-04-09 04:11:36,719] INFO  getRecord called
[2019-04-09 04:11:36,719] INFO  Waitlist player index = 38
[2019-04-09 04:11:36,720] INFO  updatRegistration called
[2019-04-09 04:11:36,746] INFO  dataUpdateMessage = Update Complete: Scott Norrena's information has been updated in the database. Tamara  Jones has been moved from the waitlist into the active roster and an email has been sent notifying of the status change.
[2019-04-09 04:11:36,747] INFO  SendMail called
[2019-04-09 04:11:36,747] INFO  The email request attribute is: waitlistPlayerMoved
[2019-04-09 04:11:36,747] INFO  Email recipient: tamarajones123@hotmail.com
[2019-04-09 04:11:36,747] INFO  getRecord called
[2019-04-09 04:11:38,652] INFO  maintenance.jsp called
[2019-04-09 04:11:38,652] INFO  getAllPlayers called
[2019-04-09 04:11:45,465] INFO  admin.jsp called
[2019-04-09 04:11:45,465] INFO  getAllPlayers called
[2019-04-09 04:13:16,230] INFO  maintenance.jsp called
[2019-04-09 04:13:16,230] INFO  getAllPlayers called
[2019-04-09 04:13:20,912] INFO  Logout called
[2019-04-09 04:13:20,930] INFO  index.jsp called
[2019-04-09 16:36:12,386] INFO  index.jsp called
[2019-04-10 18:51:54,645] INFO  index.jsp called
[2019-04-11 15:26:42,863] INFO  index.jsp called
[2019-04-11 15:27:14,622] INFO  Login called
[2019-04-11 15:27:14,627] INFO  Session isMobile = false
[2019-04-11 15:27:14,630] INFO  login called
[2019-04-11 15:27:14,807] INFO  User name:admin login was successful!
[2019-04-11 15:27:15,420] INFO  getRecord called
[2019-04-11 15:27:15,447] INFO  admin.jsp called
[2019-04-11 15:27:15,450] INFO  getAllPlayers called
[2019-04-11 15:30:14,264] INFO  Logout called
[2019-04-11 15:30:14,348] INFO  index.jsp called
[2019-04-11 15:30:22,059] INFO  Login called
[2019-04-11 15:30:22,063] INFO  Session isMobile = false
[2019-04-11 15:30:22,065] INFO  login called
[2019-04-11 15:30:22,645] INFO  User name:admin login was successful!
[2019-04-11 15:30:22,681] INFO  getRecord called
[2019-04-11 15:30:22,700] INFO  admin.jsp called
[2019-04-11 15:30:22,701] INFO  getAllPlayers called
[2019-04-11 16:21:22,437] INFO  index.jsp called
